Determining if the pthread_create exist failed with the following output:
Change Dir: /home/gbx/pioneer_ws/build/CMakeFiles/CMakeTmp

Run Build Command:"/usr/bin/make" "cmTC_559f1/fast"
/usr/bin/make -f CMakeFiles/cmTC_559f1.dir/build.make CMakeFiles/cmTC_559f1.dir/build
make[1]: Entering directory '/home/gbx/pioneer_ws/build/CMakeFiles/CMakeTmp'
Building C object CMakeFiles/cmTC_559f1.dir/CheckSymbolExists.c.o
/usr/bin/cc     -o CMakeFiles/cmTC_559f1.dir/CheckSymbolExists.c.o   -c /home/gbx/pioneer_ws/build/CMakeFiles/CMakeTmp/CheckSymbolExists.c
Linking C executable cmTC_559f1
/usr/bin/cmake -E cmake_link_script CMaDetermining if the pthread_create exist failed with the following output:
Change Dir: /home/gbx/pioneer_ws/build/CMakeFiles/CMakeTmp

Run Build Command:"/usr/bin/make" "cmTC_559f1/fast"
/usr/bin/make -f CMakeFiles/cmTC_559f1.dir/build.make CMakeFiles/cmTC_559f1.dir/build
make[1]: Entering directory '/home/gbx/pioneer_ws/build/CMakeFiles/CMakeTmp'
Building C object CMakeFiles/cmTC_559f1.dir/CheckSymbolExists.c.o
/usr/bin/cc     -o CMakeFiles/cmTC_559f1.dir/CheckSymbolExists.c.o   -c /home/gbx/pioneer_ws/build/CMakeFiles/CMakeTmp/CheckSymbolExists.c
Linking C executable cmTC_559f1
/usr/bin/cmake -E cmake_link_script CMakeFiles/cmTC_559f1.dir/link.txt --verbose=1
/usr/bin/cc       CMakeFiles/cmTC_559f1.dir/CheckSymbolExists.c.o  -o cmTC_559f1 -rdynamic 
CMakeFiles/cmTC_559f1.dir/CheckSymbolExists.c.o：在函数‘main’中：
CheckSymbolExists.c:(.text+0x16)：对‘pthread_create’未定义的引用
collect2: error: ld returned 1 exit status
CMakeFiles/cmTC_559f1.dir/build.make:97: recipe for target 'cmTC_559f1' failed
make[1]: *** [cmTC_559f1] Error 1
make[1]: Leaving directory '/home/gbx/pioneer_ws/build/CMakeFiles/CMakeTmp'
Makefile:126: recipe for target 'cmTC_559f1/fast' failed
make: *** [cmTC_559f1/fast] Error 2

File /home/gbx/pioneer_ws/build/CMakeFiles/CMakeTmp/CheckSymbolExists.c:
/* */
#include <pthread.h>

int main(int argc, char** argv)
{
  (void)argv;
#ifndef pthread_create
  return ((int*)(&pthread_create))[argc];
#else
  (void)argc;
  return 0;
#endif
}

Determining if the function pthread_create exists in the pthreads failed with the following output:
Change Dir: /home/gbx/pioneer_ws/build/CMakeFiles/CMakeTmp

Run Build Command:"/usr/bin/make" "cmTC_19e04/fast"
/usr/bin/make -f CMakeFiles/cmTC_19e04.dir/build.make CMakeFiles/cmTC_19e04.dir/build
make[1]: Entering directory '/home/gbx/pioneer_ws/build/CMakeFiles/CMakeTmp'
Building C object CMakeFiles/cmTC_19e04.dir/CheckFunctionExists.c.o
/usr/bin/cc    -DCHECK_FUNCTION_EXISTS=pthread_create   -o CMakeFiles/cmTC_19e04.dir/CheckFunctionExists.c.o   -c /usr/share/cmake-3.5/Modules/CheckFunctionExists.c
Linking C executable cmTC_19e04
/usr/bin/cmake -E cmake_link_script CMakeFiles/cmTC_19e04.dir/link.txt --verbose=1
/usr/bin/cc   -DCHECK_FUNCTION_EXISTS=pthread_create    CMakeFiles/cmTC_19e04.dir/CheckFunctionExists.c.o  -o cmTC_19e04 -rdynamic -lpthreads 
/usr/bin/ld: 找不到 -lpthreads
collect2: error: ld returned 1 exit status
CMakeFiles/cmTC_19e04.dir/build.make:97: recipe for target 'cmTC_19e04' failed
make[1]: *** [cmTC_19e04] Error 1
make[1]: Leaving directory '/home/gbx/pioneer_ws/build/CMakeFiles/CMakeTmp'
Makefile:126: recipe for target 'cmTC_19e04/fast' failed
make: *** [cmTC_19e04/fast] Error 2


